<?xml version="1.0" encoding="UTF-8"?>
<testng-results skipped="0" failed="1" ignored="0" total="2" passed="1">
  <reporter-output>
  </reporter-output>
  <suite name="Default suite" duration-ms="27317" started-at="2022-09-29T10:18:03Z" finished-at="2022-09-29T10:18:30Z">
    <groups>
    </groups>
    <test name="Default test" duration-ms="27317" started-at="2022-09-29T10:18:03Z" finished-at="2022-09-29T10:18:30Z">
      <class name="seleniumMavenProject.practEx">
        <test-method status="PASS" signature="beforeTest()[pri:0, instance:seleniumMavenProject.practEx@13acb0d1]" name="beforeTest" is-config="true" duration-ms="10" started-at="2022-09-29T10:18:03Z" finished-at="2022-09-29T10:18:03Z">
          <reporter-output>
          </reporter-output>
        </test-method> <!-- beforeTest -->
        <test-method status="PASS" signature="beforeMethod()[pri:0, instance:seleniumMavenProject.practEx@13acb0d1]" name="beforeMethod" is-config="true" duration-ms="6019" started-at="2022-09-29T10:18:03Z" finished-at="2022-09-29T10:18:09Z">
          <reporter-output>
          </reporter-output>
        </test-method> <!-- beforeMethod -->
        <test-method status="FAIL" signature="books()[pri:0, instance:seleniumMavenProject.practEx@13acb0d1]" name="books" duration-ms="2785" started-at="2022-09-29T10:18:09Z" finished-at="2022-09-29T10:18:12Z">
          <exception class="java.lang.AssertionError">
            <message>
              <![CDATA[expected:<Book Store Online : Buy Books Online at Best Prices in India | Books Shopping @ Amazon.in> but was:<Mobile Phones: Buy New Mobiles Online at Best Prices in India | Buy Cell Phones Online - Amazon.in>]]>
            </message>
            <full-stacktrace>
              <![CDATA[java.lang.AssertionError: expected:<Book Store Online : Buy Books Online at Best Prices in India | Books Shopping @ Amazon.in> but was:<Mobile Phones: Buy New Mobiles Online at Best Prices in India | Buy Cell Phones Online - Amazon.in>
at org.testng.AssertJUnit.assertEquals(AssertJUnit.java:101)
at org.testng.AssertJUnit.assertEquals(AssertJUnit.java:108)
at seleniumMavenProject.practEx.books(practEx.java:52)
at sun.reflect.NativeMethodAccessorImpl.invoke0(Native Method)
at sun.reflect.NativeMethodAccessorImpl.invoke(NativeMethodAccessorImpl.java:62)
at sun.reflect.DelegatingMethodAccessorImpl.invoke(DelegatingMethodAccessorImpl.java:43)
at java.lang.reflect.Method.invoke(Method.java:498)
at org.testng.internal.MethodInvocationHelper.invokeMethod(MethodInvocationHelper.java:124)
at org.testng.internal.Invoker.invokeMethod(Invoker.java:583)
at org.testng.internal.Invoker.invokeTestMethod(Invoker.java:719)
at org.testng.internal.Invoker.invokeTestMethods(Invoker.java:989)
at org.testng.internal.TestMethodWorker.invokeTestMethods(TestMethodWorker.java:125)
at org.testng.internal.TestMethodWorker.run(TestMethodWorker.java:109)
at org.testng.TestRunner.privateRun(TestRunner.java:648)
at org.testng.TestRunner.run(TestRunner.java:505)
at org.testng.SuiteRunner.runTest(SuiteRunner.java:455)
at org.testng.SuiteRunner.runSequentially(SuiteRunner.java:450)
at org.testng.SuiteRunner.privateRun(SuiteRunner.java:415)
at org.testng.SuiteRunner.run(SuiteRunner.java:364)
at org.testng.SuiteRunnerWorker.runSuite(SuiteRunnerWorker.java:52)
at org.testng.SuiteRunnerWorker.run(SuiteRunnerWorker.java:84)
at org.testng.TestNG.runSuitesSequentially(TestNG.java:1208)
at org.testng.TestNG.runSuitesLocally(TestNG.java:1137)
at org.testng.TestNG.runSuites(TestNG.java:1049)
at org.testng.TestNG.run(TestNG.java:1017)
at org.testng.remote.AbstractRemoteTestNG.run(AbstractRemoteTestNG.java:115)
at org.testng.remote.RemoteTestNG.initAndRun(RemoteTestNG.java:251)
at org.testng.remote.RemoteTestNG.main(RemoteTestNG.java:77)
]]>
            </full-stacktrace>
          </exception> <!-- java.lang.AssertionError -->
          <reporter-output>
          </reporter-output>
        </test-method> <!-- books -->
        <test-method status="PASS" signature="afterMethod()[pri:0, instance:seleniumMavenProject.practEx@13acb0d1]" name="afterMethod" is-config="true" duration-ms="3076" started-at="2022-09-29T10:18:12Z" finished-at="2022-09-29T10:18:15Z">
          <reporter-output>
          </reporter-output>
        </test-method> <!-- afterMethod -->
        <test-method status="PASS" signature="beforeMethod()[pri:0, instance:seleniumMavenProject.practEx@13acb0d1]" name="beforeMethod" is-config="true" duration-ms="5889" started-at="2022-09-29T10:18:15Z" finished-at="2022-09-29T10:18:21Z">
          <reporter-output>
          </reporter-output>
        </test-method> <!-- beforeMethod -->
        <test-method status="PASS" signature="mobile()[pri:0, instance:seleniumMavenProject.practEx@13acb0d1]" name="mobile" duration-ms="7739" started-at="2022-09-29T10:18:21Z" finished-at="2022-09-29T10:18:29Z">
          <reporter-output>
          </reporter-output>
        </test-method> <!-- mobile -->
        <test-method status="PASS" signature="afterMethod()[pri:0, instance:seleniumMavenProject.practEx@13acb0d1]" name="afterMethod" is-config="true" duration-ms="1776" started-at="2022-09-29T10:18:29Z" finished-at="2022-09-29T10:18:30Z">
          <reporter-output>
          </reporter-output>
        </test-method> <!-- afterMethod -->
        <test-method status="PASS" signature="afterTest()[pri:0, instance:seleniumMavenProject.practEx@13acb0d1]" name="afterTest" is-config="true" duration-ms="0" started-at="2022-09-29T10:18:30Z" finished-at="2022-09-29T10:18:30Z">
          <reporter-output>
          </reporter-output>
        </test-method> <!-- afterTest -->
      </class> <!-- seleniumMavenProject.practEx -->
    </test> <!-- Default test -->
  </suite> <!-- Default suite -->
</testng-results>
