<?xml version="1.0" encoding="UTF-8"?>
<testng-results skipped="2" failed="1" ignored="0" total="8" passed="5">
  <reporter-output>
  </reporter-output>
  <suite name="Suite" duration-ms="38251" started-at="2022-09-28T16:25:19Z" finished-at="2022-09-28T16:25:57Z">
    <groups>
    </groups>
    <test name="Test" duration-ms="38251" started-at="2022-09-28T16:25:19Z" finished-at="2022-09-28T16:25:57Z">
      <class name="parctDDT.readingFile">
        <test-method status="PASS" signature="readsheetDet()[pri:0, instance:parctDDT.readingFile@6279cee3]" name="readsheetDet" duration-ms="94" started-at="2022-09-28T16:25:49Z" finished-at="2022-09-28T16:25:49Z">
          <reporter-output>
          </reporter-output>
        </test-method> <!-- readsheetDet -->
      </class> <!-- parctDDT.readingFile -->
      <class name="seleniumMavenProject.practEx">
        <test-method status="PASS" signature="beforeMethod()[pri:0, instance:seleniumMavenProject.practEx@51b7e5df]" name="beforeMethod" is-config="true" duration-ms="4515" started-at="2022-09-28T16:25:20Z" finished-at="2022-09-28T16:25:24Z">
          <reporter-output>
          </reporter-output>
        </test-method> <!-- beforeMethod -->
        <test-method status="FAIL" signature="books()[pri:0, instance:seleniumMavenProject.practEx@51b7e5df]" name="books" duration-ms="2804" started-at="2022-09-28T16:25:24Z" finished-at="2022-09-28T16:25:27Z">
          <exception class="java.lang.AssertionError">
            <message>
              <![CDATA[expected:<Book Store Online : Buy Books Online at Best Prices in India | Books Shopping @ Amazon.in> but was:<Mobile Phones: Buy New Mobiles Online at Best Prices in India | Buy Cell Phones Online - Amazon.in>]]>
            </message>
            <full-stacktrace>
              <![CDATA[java.lang.AssertionError: expected:<Book Store Online : Buy Books Online at Best Prices in India | Books Shopping @ Amazon.in> but was:<Mobile Phones: Buy New Mobiles Online at Best Prices in India | Buy Cell Phones Online - Amazon.in>
at org.testng.AssertJUnit.assertEquals(AssertJUnit.java:101)
at org.testng.AssertJUnit.assertEquals(AssertJUnit.java:108)
at seleniumMavenProject.practEx.books(practEx.java:49)
at sun.reflect.NativeMethodAccessorImpl.invoke0(Native Method)
at sun.reflect.NativeMethodAccessorImpl.invoke(NativeMethodAccessorImpl.java:62)
at sun.reflect.DelegatingMethodAccessorImpl.invoke(DelegatingMethodAccessorImpl.java:43)
at java.lang.reflect.Method.invoke(Method.java:498)
at org.testng.internal.MethodInvocationHelper.invokeMethod(MethodInvocationHelper.java:124)
at org.testng.internal.Invoker.invokeMethod(Invoker.java:583)
at org.testng.internal.Invoker.invokeTestMethod(Invoker.java:719)
at org.testng.internal.Invoker.invokeTestMethods(Invoker.java:989)
at org.testng.internal.TestMethodWorker.invokeTestMethods(TestMethodWorker.java:125)
at org.testng.internal.TestMethodWorker.run(TestMethodWorker.java:109)
at org.testng.TestRunner.privateRun(TestRunner.java:648)
at org.testng.TestRunner.run(TestRunner.java:505)
at org.testng.SuiteRunner.runTest(SuiteRunner.java:455)
at org.testng.SuiteRunner.runSequentially(SuiteRunner.java:450)
at org.testng.SuiteRunner.privateRun(SuiteRunner.java:415)
at org.testng.SuiteRunner.run(SuiteRunner.java:364)
at org.testng.SuiteRunnerWorker.runSuite(SuiteRunnerWorker.java:52)
at org.testng.SuiteRunnerWorker.run(SuiteRunnerWorker.java:84)
at org.testng.TestNG.runSuitesSequentially(TestNG.java:1208)
at org.testng.TestNG.runSuitesLocally(TestNG.java:1137)
at org.testng.TestNG.runSuites(TestNG.java:1049)
at org.testng.TestNG.run(TestNG.java:1017)
at org.apache.maven.surefire.testng.TestNGExecutor.run(TestNGExecutor.java:283)
at org.apache.maven.surefire.testng.TestNGXmlTestSuite.execute(TestNGXmlTestSuite.java:75)
at org.apache.maven.surefire.testng.TestNGProvider.invoke(TestNGProvider.java:120)
at org.apache.maven.surefire.booter.ForkedBooter.invokeProviderInSameClassLoader(ForkedBooter.java:384)
at org.apache.maven.surefire.booter.ForkedBooter.runSuitesInProcess(ForkedBooter.java:345)
at org.apache.maven.surefire.booter.ForkedBooter.execute(ForkedBooter.java:126)
at org.apache.maven.surefire.booter.ForkedBooter.main(ForkedBooter.java:418)
]]>
            </full-stacktrace>
          </exception> <!-- java.lang.AssertionError -->
          <reporter-output>
          </reporter-output>
        </test-method> <!-- books -->
        <test-method status="PASS" signature="afterMethod()[pri:0, instance:seleniumMavenProject.practEx@51b7e5df]" name="afterMethod" is-config="true" duration-ms="2407" started-at="2022-09-28T16:25:27Z" finished-at="2022-09-28T16:25:30Z">
          <reporter-output>
          </reporter-output>
        </test-method> <!-- afterMethod -->
        <test-method status="PASS" signature="beforeMethod()[pri:0, instance:seleniumMavenProject.practEx@51b7e5df]" name="beforeMethod" is-config="true" duration-ms="2876" started-at="2022-09-28T16:25:30Z" finished-at="2022-09-28T16:25:32Z">
          <reporter-output>
          </reporter-output>
        </test-method> <!-- beforeMethod -->
        <test-method status="PASS" signature="mobile()[pri:0, instance:seleniumMavenProject.practEx@51b7e5df]" name="mobile" duration-ms="8497" started-at="2022-09-28T16:25:32Z" finished-at="2022-09-28T16:25:41Z">
          <reporter-output>
          </reporter-output>
        </test-method> <!-- mobile -->
        <test-method status="PASS" signature="afterMethod()[pri:0, instance:seleniumMavenProject.practEx@51b7e5df]" name="afterMethod" is-config="true" duration-ms="2396" started-at="2022-09-28T16:25:41Z" finished-at="2022-09-28T16:25:43Z">
          <reporter-output>
          </reporter-output>
        </test-method> <!-- afterMethod -->
        <test-method status="PASS" signature="afterTest()[pri:0, instance:seleniumMavenProject.practEx@51b7e5df]" name="afterTest" is-config="true" duration-ms="0" started-at="2022-09-28T16:25:57Z" finished-at="2022-09-28T16:25:57Z">
          <reporter-output>
          </reporter-output>
        </test-method> <!-- afterTest -->
      </class> <!-- seleniumMavenProject.practEx -->
      <class name="parctDDT.practiceDDT">
        <test-method status="PASS" signature="preData()[pri:0, instance:parctDDT.practiceDDT@62e136d3]" name="preData" is-config="true" duration-ms="52" started-at="2022-09-28T16:25:43Z" finished-at="2022-09-28T16:25:43Z">
          <reporter-output>
          </reporter-output>
        </test-method> <!-- preData -->
        <test-method status="PASS" signature="getData()[pri:0, instance:parctDDT.practiceDDT@62e136d3]" name="getData" duration-ms="5393" started-at="2022-09-28T16:25:43Z" finished-at="2022-09-28T16:25:49Z">
          <reporter-output>
          </reporter-output>
        </test-method> <!-- getData -->
      </class> <!-- parctDDT.practiceDDT -->
      <class name="parctDDT.readingFile2">
        <test-method status="PASS" signature="readCell()[pri:0, instance:parctDDT.readingFile2@4206a205]" name="readCell" duration-ms="134" started-at="2022-09-28T16:25:57Z" finished-at="2022-09-28T16:25:57Z">
          <reporter-output>
          </reporter-output>
        </test-method> <!-- readCell -->
      </class> <!-- parctDDT.readingFile2 -->
      <class name="parctDDT.actitimeDDT">
        <test-method status="PASS" signature="getData()[pri:0, instance:parctDDT.actitimeDDT@18a70f16]" name="getData" is-config="true" duration-ms="576" started-at="2022-09-28T16:25:19Z" finished-at="2022-09-28T16:25:20Z">
          <reporter-output>
          </reporter-output>
        </test-method> <!-- getData -->
        <test-method status="PASS" signature="beforeTest()[pri:0, instance:seleniumMavenProject.practEx@51b7e5df]" name="beforeTest" is-config="true" duration-ms="1" started-at="2022-09-28T16:25:20Z" finished-at="2022-09-28T16:25:20Z">
          <reporter-output>
          </reporter-output>
        </test-method> <!-- beforeTest -->
        <test-method status="PASS" signature="actitimeLogin()[pri:0, instance:parctDDT.actitimeDDT@18a70f16]" name="actitimeLogin" duration-ms="8478" started-at="2022-09-28T16:25:49Z" finished-at="2022-09-28T16:25:57Z">
          <reporter-output>
          </reporter-output>
        </test-method> <!-- actitimeLogin -->
      </class> <!-- parctDDT.actitimeDDT -->
      <class name="testNgProjects.parallelExecution">
        <test-method status="FAIL" signature="Method(java.lang.String, java.lang.String)[pri:0, instance:testNgProjects.parallelExecution@29ba4338]" name="Method" is-config="true" duration-ms="0" started-at="2022-09-28T16:25:57Z" finished-at="2022-09-28T16:25:57Z">
          <exception class="org.testng.TestNGException">
            <message>
              <![CDATA[
Parameter 'browser' is required by BeforeMethod on method Method but has not been marked @Optional or defined
in C:\Users\Lenovo\eclipse-workspace\seleniumMaven\testng.xml]]>
            </message>
            <full-stacktrace>
              <![CDATA[org.testng.TestNGException: 
Parameter 'browser' is required by BeforeMethod on method Method but has not been marked @Optional or defined
in C:\Users\Lenovo\eclipse-workspace\seleniumMaven\testng.xml
at org.testng.internal.Parameters.createParams(Parameters.java:290)
at org.testng.internal.Parameters.createParametersForMethod(Parameters.java:359)
at org.testng.internal.Parameters.createParameters(Parameters.java:620)
at org.testng.internal.Parameters.createConfigurationParameters(Parameters.java:190)
at org.testng.internal.Invoker.invokeConfigurations(Invoker.java:209)
at org.testng.internal.Invoker.invokeMethod(Invoker.java:523)
at org.testng.internal.Invoker.invokeTestMethod(Invoker.java:719)
at org.testng.internal.Invoker.invokeTestMethods(Invoker.java:989)
at org.testng.internal.TestMethodWorker.invokeTestMethods(TestMethodWorker.java:125)
at org.testng.internal.TestMethodWorker.run(TestMethodWorker.java:109)
at org.testng.TestRunner.privateRun(TestRunner.java:648)
at org.testng.TestRunner.run(TestRunner.java:505)
at org.testng.SuiteRunner.runTest(SuiteRunner.java:455)
at org.testng.SuiteRunner.runSequentially(SuiteRunner.java:450)
at org.testng.SuiteRunner.privateRun(SuiteRunner.java:415)
at org.testng.SuiteRunner.run(SuiteRunner.java:364)
at org.testng.SuiteRunnerWorker.runSuite(SuiteRunnerWorker.java:52)
at org.testng.SuiteRunnerWorker.run(SuiteRunnerWorker.java:84)
at org.testng.TestNG.runSuitesSequentially(TestNG.java:1208)
at org.testng.TestNG.runSuitesLocally(TestNG.java:1137)
at org.testng.TestNG.runSuites(TestNG.java:1049)
at org.testng.TestNG.run(TestNG.java:1017)
at org.apache.maven.surefire.testng.TestNGExecutor.run(TestNGExecutor.java:283)
at org.apache.maven.surefire.testng.TestNGXmlTestSuite.execute(TestNGXmlTestSuite.java:75)
at org.apache.maven.surefire.testng.TestNGProvider.invoke(TestNGProvider.java:120)
at org.apache.maven.surefire.booter.ForkedBooter.invokeProviderInSameClassLoader(ForkedBooter.java:384)
at org.apache.maven.surefire.booter.ForkedBooter.runSuitesInProcess(ForkedBooter.java:345)
at org.apache.maven.surefire.booter.ForkedBooter.execute(ForkedBooter.java:126)
at org.apache.maven.surefire.booter.ForkedBooter.main(ForkedBooter.java:418)
]]>
            </full-stacktrace>
          </exception> <!-- org.testng.TestNGException -->
          <reporter-output>
          </reporter-output>
        </test-method> <!-- Method -->
        <test-method status="SKIP" signature="testcase1()[pri:0, instance:testNgProjects.parallelExecution@29ba4338]" name="testcase1" duration-ms="0" started-at="2022-09-28T16:25:57Z" finished-at="2022-09-28T16:25:57Z">
          <exception class="org.testng.TestNGException">
            <message>
              <![CDATA[
Parameter 'browser' is required by BeforeMethod on method Method but has not been marked @Optional or defined
in C:\Users\Lenovo\eclipse-workspace\seleniumMaven\testng.xml]]>
            </message>
            <full-stacktrace>
              <![CDATA[org.testng.TestNGException: 
Parameter 'browser' is required by BeforeMethod on method Method but has not been marked @Optional or defined
in C:\Users\Lenovo\eclipse-workspace\seleniumMaven\testng.xml
at org.testng.internal.Parameters.createParams(Parameters.java:290)
at org.testng.internal.Parameters.createParametersForMethod(Parameters.java:359)
at org.testng.internal.Parameters.createParameters(Parameters.java:620)
at org.testng.internal.Parameters.createConfigurationParameters(Parameters.java:190)
at org.testng.internal.Invoker.invokeConfigurations(Invoker.java:209)
at org.testng.internal.Invoker.invokeMethod(Invoker.java:523)
at org.testng.internal.Invoker.invokeTestMethod(Invoker.java:719)
at org.testng.internal.Invoker.invokeTestMethods(Invoker.java:989)
at org.testng.internal.TestMethodWorker.invokeTestMethods(TestMethodWorker.java:125)
at org.testng.internal.TestMethodWorker.run(TestMethodWorker.java:109)
at org.testng.TestRunner.privateRun(TestRunner.java:648)
at org.testng.TestRunner.run(TestRunner.java:505)
at org.testng.SuiteRunner.runTest(SuiteRunner.java:455)
at org.testng.SuiteRunner.runSequentially(SuiteRunner.java:450)
at org.testng.SuiteRunner.privateRun(SuiteRunner.java:415)
at org.testng.SuiteRunner.run(SuiteRunner.java:364)
at org.testng.SuiteRunnerWorker.runSuite(SuiteRunnerWorker.java:52)
at org.testng.SuiteRunnerWorker.run(SuiteRunnerWorker.java:84)
at org.testng.TestNG.runSuitesSequentially(TestNG.java:1208)
at org.testng.TestNG.runSuitesLocally(TestNG.java:1137)
at org.testng.TestNG.runSuites(TestNG.java:1049)
at org.testng.TestNG.run(TestNG.java:1017)
at org.apache.maven.surefire.testng.TestNGExecutor.run(TestNGExecutor.java:283)
at org.apache.maven.surefire.testng.TestNGXmlTestSuite.execute(TestNGXmlTestSuite.java:75)
at org.apache.maven.surefire.testng.TestNGProvider.invoke(TestNGProvider.java:120)
at org.apache.maven.surefire.booter.ForkedBooter.invokeProviderInSameClassLoader(ForkedBooter.java:384)
at org.apache.maven.surefire.booter.ForkedBooter.runSuitesInProcess(ForkedBooter.java:345)
at org.apache.maven.surefire.booter.ForkedBooter.execute(ForkedBooter.java:126)
at org.apache.maven.surefire.booter.ForkedBooter.main(ForkedBooter.java:418)
]]>
            </full-stacktrace>
          </exception> <!-- org.testng.TestNGException -->
          <reporter-output>
          </reporter-output>
        </test-method> <!-- testcase1 -->
        <test-method status="SKIP" signature="Method(java.lang.String, java.lang.String)[pri:0, instance:testNgProjects.parallelExecution@29ba4338]" name="Method" is-config="true" duration-ms="0" started-at="2022-09-28T16:25:57Z" finished-at="2022-09-28T16:25:57Z">
          <reporter-output>
          </reporter-output>
        </test-method> <!-- Method -->
        <test-method status="SKIP" signature="testcase2()[pri:0, instance:testNgProjects.parallelExecution@29ba4338]" name="testcase2" duration-ms="0" started-at="2022-09-28T16:25:57Z" finished-at="2022-09-28T16:25:57Z">
          <exception class="org.testng.TestNGException">
            <message>
              <![CDATA[
Parameter 'browser' is required by BeforeMethod on method Method but has not been marked @Optional or defined
in C:\Users\Lenovo\eclipse-workspace\seleniumMaven\testng.xml]]>
            </message>
            <full-stacktrace>
              <![CDATA[org.testng.TestNGException: 
Parameter 'browser' is required by BeforeMethod on method Method but has not been marked @Optional or defined
in C:\Users\Lenovo\eclipse-workspace\seleniumMaven\testng.xml
at org.testng.internal.Parameters.createParams(Parameters.java:290)
at org.testng.internal.Parameters.createParametersForMethod(Parameters.java:359)
at org.testng.internal.Parameters.createParameters(Parameters.java:620)
at org.testng.internal.Parameters.createConfigurationParameters(Parameters.java:190)
at org.testng.internal.Invoker.invokeConfigurations(Invoker.java:209)
at org.testng.internal.Invoker.invokeMethod(Invoker.java:523)
at org.testng.internal.Invoker.invokeTestMethod(Invoker.java:719)
at org.testng.internal.Invoker.invokeTestMethods(Invoker.java:989)
at org.testng.internal.TestMethodWorker.invokeTestMethods(TestMethodWorker.java:125)
at org.testng.internal.TestMethodWorker.run(TestMethodWorker.java:109)
at org.testng.TestRunner.privateRun(TestRunner.java:648)
at org.testng.TestRunner.run(TestRunner.java:505)
at org.testng.SuiteRunner.runTest(SuiteRunner.java:455)
at org.testng.SuiteRunner.runSequentially(SuiteRunner.java:450)
at org.testng.SuiteRunner.privateRun(SuiteRunner.java:415)
at org.testng.SuiteRunner.run(SuiteRunner.java:364)
at org.testng.SuiteRunnerWorker.runSuite(SuiteRunnerWorker.java:52)
at org.testng.SuiteRunnerWorker.run(SuiteRunnerWorker.java:84)
at org.testng.TestNG.runSuitesSequentially(TestNG.java:1208)
at org.testng.TestNG.runSuitesLocally(TestNG.java:1137)
at org.testng.TestNG.runSuites(TestNG.java:1049)
at org.testng.TestNG.run(TestNG.java:1017)
at org.apache.maven.surefire.testng.TestNGExecutor.run(TestNGExecutor.java:283)
at org.apache.maven.surefire.testng.TestNGXmlTestSuite.execute(TestNGXmlTestSuite.java:75)
at org.apache.maven.surefire.testng.TestNGProvider.invoke(TestNGProvider.java:120)
at org.apache.maven.surefire.booter.ForkedBooter.invokeProviderInSameClassLoader(ForkedBooter.java:384)
at org.apache.maven.surefire.booter.ForkedBooter.runSuitesInProcess(ForkedBooter.java:345)
at org.apache.maven.surefire.booter.ForkedBooter.execute(ForkedBooter.java:126)
at org.apache.maven.surefire.booter.ForkedBooter.main(ForkedBooter.java:418)
]]>
            </full-stacktrace>
          </exception> <!-- org.testng.TestNGException -->
          <reporter-output>
          </reporter-output>
        </test-method> <!-- testcase2 -->
      </class> <!-- testNgProjects.parallelExecution -->
    </test> <!-- Test -->
  </suite> <!-- Suite -->
</testng-results>
